c:\users\weema\source\repos\xmaslightsimgui\xmaslightsimgui\x64\debug\vc143.pdb
c:\users\weema\source\repos\xmaslightsimgui\xmaslightsimgui\x64\debug\vc143.idb
c:\users\weema\source\repos\xmaslightsimgui\xmaslightsimgui\x64\debug\imgui_widgets.obj
c:\users\weema\source\repos\xmaslightsimgui\xmaslightsimgui\x64\debug\imgui_tables.obj
c:\users\weema\source\repos\xmaslightsimgui\xmaslightsimgui\x64\debug\imgui_draw.obj
c:\users\weema\source\repos\xmaslightsimgui\xmaslightsimgui\x64\debug\imgui_demo.obj
c:\users\weema\source\repos\xmaslightsimgui\xmaslightsimgui\x64\debug\imgui.obj
c:\users\weema\source\repos\xmaslightsimgui\xmaslightsimgui\x64\debug\imgui_impl_win32.obj
c:\users\weema\source\repos\xmaslightsimgui\xmaslightsimgui\x64\debug\imgui_impl_dx11.obj
c:\users\weema\source\repos\xmaslightsimgui\xmaslightsimgui\x64\debug\main.obj
c:\users\weema\source\repos\xmaslightsimgui\xmaslightsimgui\x64\debug\consolehandler.obj
c:\users\weema\source\repos\xmaslightsimgui\xmaslightsimgui\x64\debug\xmaslightsimgui.ilk
c:\users\weema\source\repos\xmaslightsimgui\x64\debug\xmaslightsimgui.pdb
c:\users\weema\source\repos\xmaslightsimgui\x64\debug\xmaslightsimgui.exe
c:\users\weema\source\repos\xmaslightsimgui\xmaslightsimgui\x64\debug\xmaslightsimgui.tlog\cl.command.1.tlog
c:\users\weema\source\repos\xmaslightsimgui\xmaslightsimgui\x64\debug\xmaslightsimgui.tlog\cl.items.tlog
c:\users\weema\source\repos\xmaslightsimgui\xmaslightsimgui\x64\debug\xmaslightsimgui.tlog\cl.read.1.tlog
c:\users\weema\source\repos\xmaslightsimgui\xmaslightsimgui\x64\debug\xmaslightsimgui.tlog\cl.write.1.tlog
c:\users\weema\source\repos\xmaslightsimgui\xmaslightsimgui\x64\debug\xmaslightsimgui.tlog\link.command.1.tlog
c:\users\weema\source\repos\xmaslightsimgui\xmaslightsimgui\x64\debug\xmaslightsimgui.tlog\link.read.1.tlog
c:\users\weema\source\repos\xmaslightsimgui\xmaslightsimgui\x64\debug\xmaslightsimgui.tlog\link.secondary.1.tlog
c:\users\weema\source\repos\xmaslightsimgui\xmaslightsimgui\x64\debug\xmaslightsimgui.tlog\link.write.1.tlog
